<?xml version="1.0" encoding="UTF-8"?>
<!-- Generated by org.testng.reporters.JUnitXMLReporter -->
<testsuite ignored="0" hostname="DESKTOP-J0AGKIC" failures="1" tests="1" name="Test" time="58.4" errors="0" timestamp="2021-11-06T13:57:00 IST">
  <testcase classname="Home.HomeTest" name="NavigatetoLead" time="50.298">
    <failure type="java.lang.NullPointerException">
      <![CDATA[java.lang.NullPointerException
at java.base/java.util.Objects.requireNonNull(Objects.java:208)
at org.openqa.selenium.support.ui.FluentWait.<init>(FluentWait.java:106)
at org.openqa.selenium.support.ui.WebDriverWait.<init>(WebDriverWait.java:85)
at org.openqa.selenium.support.ui.WebDriverWait.<init>(WebDriverWait.java:45)
at com.pages.LeadCreation.getLeadSource(LeadCreation.java:86)
at Home.HomeTest.NavigatetoLead(HomeTest.java:69)
at java.base/java.util.ArrayList.forEach(ArrayList.java:1511)
... Removed 27 stack frames]]>
    </failure>
  </testcase> <!-- NavigatetoLead -->
</testsuite> <!-- Test -->
