<?xml version="1.0" encoding="UTF-8"?>
<testng-results ignored="0" total="1" passed="1" failed="0" skipped="0">
  <reporter-output>
  </reporter-output>
  <suite started-at="2021-11-07T14:54:32 IST" name="Default suite" finished-at="2021-11-07T14:55:25 IST" duration-ms="53101">
    <groups>
    </groups>
    <test started-at="2021-11-07T14:54:32 IST" name="Default test" finished-at="2021-11-07T14:55:25 IST" duration-ms="53101">
      <class name="Home.HomeTest">
        <test-method is-config="true" signature="Setup2()[pri:0, instance:Home.HomeTest@6af93788]" started-at="2021-11-07T14:54:32 IST" name="Setup2" finished-at="2021-11-07T14:54:42 IST" duration-ms="9630" status="PASS">
          <reporter-output>
          </reporter-output>
        </test-method> <!-- Setup2 -->
        <test-method signature="NavigatetoLead()[pri:0, instance:Home.HomeTest@6af93788]" started-at="2021-11-07T14:54:42 IST" name="NavigatetoLead" finished-at="2021-11-07T14:55:25 IST" duration-ms="43405" status="PASS">
          <reporter-output>
          </reporter-output>
        </test-method> <!-- NavigatetoLead -->
      </class> <!-- Home.HomeTest -->
    </test> <!-- Default test -->
  </suite> <!-- Default suite -->
</testng-results>
